E:\TOWER- E\DRAWING\STRUCTURE DRG\PRAYAGRAJ_ANANDA_TOWER-E (S+14)_FOUNDATION DETAILS & COLUMN SCHEDULE (1).dwg,FOUNDATION DETAIL,15-05-2025 12:27:35,HP,HP LaserJet M1005 (Copy 1),A4,1:1.74679,
E:\TOWER- E\DRAWING\STRUCTURE DRG\PRAYAGRAJ_ANANDA_TOWER-E (S+14)_FOUNDATION DETAILS & COLUMN SCHEDULE (1).dwg,FOUNDATION DETAIL,15-05-2025 12:28:40,HP,HP LaserJet M1005 (Copy 1),A4,1:1.74256,
E:\TOWER- E\DRAWING\STRUCTURE DRG\PRAYAGRAJ_ANANDA_TOWER-E (S+14)_FOUNDATION DETAILS & COLUMN SCHEDULE (1).dwg,FOUNDATION DETAIL,15-05-2025 14:05:08,HP,HP LaserJet M1005 (Copy 1),A4,1:1.97074,
E:\TOWER- E\DRAWING\STRUCTURE DRG\PRAYAGRAJ_ANANDA_TOWER-E (S+14)_FOUNDATION DETAILS & COLUMN SCHEDULE (1).dwg,FOUNDATION DETAIL,15-05-2025 14:06:56,HP,HP LaserJet M1005 (Copy 1),A4,1:0.61331,
E:\DRAWING\OMAXE PRAYAGRAJ DRG\OMAXE LIG, EWS & SHIVA PRAYAGRAJ Drg\EWS TOWER -02\STRUCTURE\EWS T2 TYPICAL SLAB BEAM FRAMMING PLAN.dwg,Model,17-05-2025 19:35:01,HP,HP LaserJet M1005 (Copy 1),Letter,1:3.83504,
E:\DRAWING\OMAXE PRAYAGRAJ DRG\OMAXE LIG, EWS & SHIVA PRAYAGRAJ Drg\LIG TOWER -01\STRUCTURE\LIG SLAB TYPICAL SLAB BEAM FRAMING PLAN.dwg,Model,17-05-2025 19:36:39,HP,HP LaserJet M1005 (Copy 1),Letter,1:70.2863,
E:\TOWER- E\DRAWING\STRUCTURE DRG\PRAYAGRAJ_ANANDA_TOWER-E (S+14)_FOUNDATION DETAILS & COLUMN SCHEDULE (1).dwg,FOUNDATION DETAIL,17-05-2025 19:37:42,HP,HP LaserJet M1005 (Copy 1),A4,1:2.53648,
E:\TOWER- E\DRAWING\STRUCTURE DRG\PRAYAGRAJ_ANANDA_TOWER-E (S+14)_FOUNDATION DETAILS & COLUMN SCHEDULE (1).dwg,FOUNDATION DETAIL,18-05-2025 13:24:26,HP,HP LaserJet M1005 (Copy 1),A4,1:1.74256,
E:\TOWER- E\DRAWING\STRUCTURE DRG\PRAYAGRAJ_ANANDA_TOWER-E (S+14)_FOUNDATION DETAILS & COLUMN SCHEDULE (1).dwg,FOUNDATION DETAIL,18-05-2025 13:32:23,HP,HP LaserJet M1005 (Copy 1),A4,1:1.74256,
E:\TOWER- E\DRAWING\STRUCTURE DRG\PRAYAGRAJ_ANANDA_TOWER-E (S+14)_FOUNDATION DETAILS & COLUMN SCHEDULE (1).dwg,Model,22-05-2025 13:04:11,HP,HP LaserJet M1005 (Copy 1),Letter,1:4453.1,
E:\TOWER- E\DRAWING\STRUCTURE DRG\PRAYAGRAJ_ANANDA_TOWER-E (S+14)_FOUNDATION DETAILS & COLUMN SCHEDULE (1).dwg,Model,22-05-2025 13:04:37,HP,HP LaserJet M1005 (Copy 1),Letter,1:7603.5,
E:\TOWER- E\DRAWING\STRUCTURE DRG\PRAYAGRAJ_ANANDA_TOWER-E (S+14)_FOUNDATION DETAILS & COLUMN SCHEDULE (1).dwg,Model,22-05-2025 13:05:22,HP,HP LaserJet M1005 (Copy 1),Letter,1:4859.86,
E:\TOWER- E\DRAWING\STRUCTURE DRG\PRAYAGRAJ_ANANDA_TOWER-E (S+14)_FOUNDATION DETAILS & COLUMN SCHEDULE (1).dwg,Model,22-05-2025 13:07:15,HP,HP LaserJet M1005 (Copy 1),Letter,1:3297.96,
E:\TOWER- E\DRAWING\STRUCTURE DRG\PRAYAGRAJ_ANANDA_TOWER-E (S+14)_FOUNDATION DETAILS & COLUMN SCHEDULE (1).dwg,Model,22-05-2025 13:07:49,HP,HP LaserJet M1005 (Copy 1),Letter,1:7404.57,
E:\TOWER- E\DRAWING\STRUCTURE DRG\PRAYAGRAJ_ANANDA_TOWER-E (S+14)_FOUNDATION DETAILS & COLUMN SCHEDULE (1).dwg,Model,26-05-2025 20:50:52,HP,HP LaserJet M1005 (Copy 1),Letter,1:4813.6,
E:\TOWER- E\DRAWING\STRUCTURE DRG\PRAYAGRAJ_ANANDA_TOWER-E (S+14)_FOUNDATION DETAILS & COLUMN SCHEDULE (1).dwg,Model,26-05-2025 20:52:00,HP,HP LaserJet M1005 (Copy 1),Letter,1:3881.2,
E:\TOWER- E\DRAWING\STRUCTURE DRG\PRAYAGRAJ_ANANDA_TOWER-E (S+14)_FOUNDATION DETAILS & COLUMN SCHEDULE (1).dwg,Model,27-05-2025 09:46:23,HP,HP LaserJet M1005 (Copy 1),Letter,1:4875.44,
E:\TOWER- E\DRAWING\STRUCTURE DRG\PRAYAGRAJ_ANANDA_TOWER-E (S+14)_FOUNDATION DETAILS & COLUMN SCHEDULE (1).dwg,Model,27-05-2025 09:53:26,HP,HP LaserJet M1005 (Copy 1),Letter,1:4453.1,
E:\TOWER- E\DRAWING\STRUCTURE DRG\PRAYAGRAJ_ANANDA_TOWER-E (S+14)_FOUNDATION DETAILS & COLUMN SCHEDULE (1).dwg,Model,27-05-2025 17:50:43,HP,HP LaserJet M1005 (Copy 1),Letter,1:5064.18,
E:\TOWER- E\DRAWING\STRUCTURE DRG\PRAYAGRAJ_ANANDA_TOWER-E (S+14)_FOUNDATION DETAILS & COLUMN SCHEDULE (1).dwg,Model,27-05-2025 17:51:53,HP,HP LaserJet M1005 (Copy 1),Letter,1:4169.66,
E:\TOWER- E\DRAWING\STRUCTURE DRG\PRAYAGRAJ_ANANDA_TOWER-E (S+14)_FOUNDATION DETAILS & COLUMN SCHEDULE (1).dwg,Model,27-05-2025 17:52:30,HP,HP LaserJet M1005 (Copy 1),Letter,1:3326.38,
E:\TOWER- E\DRAWING\STRUCTURE DRG\PRAYAGRAJ_ANANDA_TOWER-E (S+14)_FOUNDATION DETAILS & COLUMN SCHEDULE (1).dwg,Model,29-05-2025 08:58:38,HP,HP LaserJet M1005 (Copy 1),Letter,1:5316.96,
E:\TOWER- E\DRAWING\STRUCTURE DRG\PRAYAGRAJ_ANANDA_TOWER-E (S+14)_FOUNDATION DETAILS & COLUMN SCHEDULE (1).dwg,Model,04-06-2025 11:25:14,HP,HP LaserJet M1005 (Copy 1),Letter,1:5217.73,
F:\TOWER- E\DRAWING\STRUCTURE DRG\PRAYAGRAJ_ANANDA_TOWER-E (S+14)_FOUNDATION DETAILS & COLUMN SCHEDULE (1).dwg,Model,10-06-2025 12:03:11,HP,HP LaserJet M1005 (Copy 1),Letter,1:4863.41,
F:\TOWER- E\DRAWING\STRUCTURE DRG\PRAYAGRAJ_ANANDA_TOWER-E (S+14)_FOUNDATION DETAILS & COLUMN SCHEDULE (1).dwg,Model,15-06-2025 12:53:25,HP,HP LaserJet M1005 (Copy 1),Letter,1:723.169,
F:\TOWER- E\DRAWING\STRUCTURE DRG\PRAYAGRAJ_ANANDA_TOWER-E (S+14)_FOUNDATION DETAILS & COLUMN SCHEDULE (1).dwg,Model,15-06-2025 12:54:16,HP,HP LaserJet M1005 (Copy 1),Letter,1:439.982,
F:\TOWER- E\DRAWING\STRUCTURE DRG\PRAYAGRAJ_ANANDA_TOWER-E (S+14)_FOUNDATION DETAILS & COLUMN SCHEDULE (1).dwg,Model,15-06-2025 12:54:36,HP,HP LaserJet M1005 (Copy 1),Letter,1:499.819,
F:\TOWER- E\DRAWING\STRUCTURE DRG\PRAYAGRAJ_ANANDA_TOWER-E (S+14)_FOUNDATION DETAILS & COLUMN SCHEDULE (1).dwg,Model,15-06-2025 12:55:06,HP,HP LaserJet M1005 (Copy 1),Letter,1:469.317,
F:\TOWER- E\DRAWING\STRUCTURE DRG\PRAYAGRAJ_ANANDA_TOWER-E (S+14)_FOUNDATION DETAILS & COLUMN SCHEDULE (1).dwg,Model,15-06-2025 12:55:22,HP,HP LaserJet M1005 (Copy 1),Letter,1:531.516,
F:\TOWER- E\DRAWING\STRUCTURE DRG\PRAYAGRAJ_ANANDA_TOWER-E (S+14)_FOUNDATION DETAILS & COLUMN SCHEDULE (1).dwg,Model,17-06-2025 12:26:38,HP,HP LaserJet M1005 (Copy 1),Letter,1:5817.52,
F:\TOWER- E\DRAWING\STRUCTURE DRG\PRAYAGRAJ_ANANDA_TOWER-E (S+14)_FOUNDATION DETAILS & COLUMN SCHEDULE (1).dwg,Model,18-06-2025 12:42:08,HP,HP LaserJet M1005 (Copy 1),Letter,1:4976.14,
F:\TOWER- E\DRAWING\STRUCTURE DRG\PRAYAGRAJ_ANANDA_TOWER-E (S+14)_FOUNDATION DETAILS & COLUMN SCHEDULE (1).dwg,Model,18-06-2025 12:45:03,HP,HP LaserJet M1005 (Copy 1),Letter,1:4976.14,
F:\TOWER- E\DRAWING\STRUCTURE DRG\PRAYAGRAJ_ANANDA_TOWER-E (S+14)_FOUNDATION DETAILS & COLUMN SCHEDULE (1).dwg,Model,18-06-2025 13:31:56,HP,HP LaserJet M1005 (Copy 1),Letter,1:2107.91,
F:\TOWER- E\DRAWING\STRUCTURE DRG\PRAYAGRAJ_ANANDA_TOWER-E (S+14)_FOUNDATION DETAILS & COLUMN SCHEDULE (1).dwg,Model,18-06-2025 13:34:04,HP,HP LaserJet M1005 (Copy 1),Letter,1:7268.07,
F:\TOWER- E\DRAWING\STRUCTURE DRG\PRAYAGRAJ_ANANDA_TOWER-E (S+14)_FOUNDATION DETAILS & COLUMN SCHEDULE (1).dwg,Model,18-06-2025 13:37:38,HP,HP LaserJet M1005 (Copy 1),Letter,1:1650.68,
F:\TOWER- E\DRAWING\STRUCTURE DRG\PRAYAGRAJ_ANANDA_TOWER-E (S+14)_FOUNDATION DETAILS & COLUMN SCHEDULE (1).dwg,Model,18-06-2025 13:40:25,HP,HP LaserJet M1005 (Copy 1),Letter,1:1586.62,
F:\TOWER- E\DRAWING\STRUCTURE DRG\PRAYAGRAJ_ANANDA_TOWER-E (S+14)_FOUNDATION DETAILS & COLUMN SCHEDULE (1).dwg,Model,18-06-2025 13:41:28,HP,HP LaserJet M1005 (Copy 1),Letter,1:1519.57,
F:\DRAWING\OMAXE PRAYAGRAJ DRG\OMAXE LIG, EWS & SHIVA PRAYAGRAJ Drg\EWS TOWER -02\ARCHITECTURE\EWS T2 GF TO 8TH FLOOR ARCH DWG.dwg,Model,18-06-2025 14:57:03,HP,HP LaserJet M1005 (Copy 1),Letter,1:1151.27,
F:\DRAWING\OMAXE PRAYAGRAJ DRG\OMAXE LIG, EWS & SHIVA PRAYAGRAJ Drg\EWS TOWER -02\ARCHITECTURE\EWS T2 GF TO 8TH FLOOR ARCH DWG.dwg,Model,18-06-2025 14:58:03,HP,HP LaserJet M1005 (Copy 1),Letter,1:4.35825,
F:\TOWER- E\DRAWING\STRUCTURE DRG\PRAYAGRAJ_ANANDA_TOWER-E (S+14)_FOUNDATION DETAILS & COLUMN SCHEDULE (1).dwg,Model,18-06-2025 15:53:12,HP,HP LaserJet M1005 (Copy 1),Letter,1:4895.94,
F:\TOWER- E\DRAWING\STRUCTURE DRG\PRAYAGRAJ_ANANDA_TOWER-E (S+14)_FOUNDATION DETAILS & COLUMN SCHEDULE (1).dwg,Model,24-06-2025 10:27:49,HP,HP LaserJet M1005 (Copy 1),Letter,1:642.238,
F:\TOWER- E\DRAWING\STRUCTURE DRG\PRAYAGRAJ_ANANDA_TOWER-E (S+14)_FOUNDATION DETAILS & COLUMN SCHEDULE (1).dwg,Model,24-06-2025 10:29:54,HP,HP LaserJet M1005 (Copy 1),Letter,1:635.412,
F:\TOWER- E\DRAWING\STRUCTURE DRG\PRAYAGRAJ_ANANDA_TOWER-E (S+14)_FOUNDATION DETAILS & COLUMN SCHEDULE (1).dwg,Model,19-07-2025 16:43:04,HP,HP LaserJet M1005 (Copy 1),A4,1:294.779,
F:\TOWER- E\DRAWING\STRUCTURE DRG\PRAYAGRAJ_ANANDA_TOWER-E (S+14)_FOUNDATION DETAILS & COLUMN SCHEDULE (1).dwg,Model,19-07-2025 16:44:54,HP,HP LaserJet M1005 (Copy 1),A4,1:294.601,
F:\TOWER- E\DRAWING\STRUCTURE DRG\PRAYAGRAJ_ANANDA_TOWER-E (S+14)_FOUNDATION DETAILS & COLUMN SCHEDULE (1).dwg,Model,19-07-2025 16:45:28,HP,HP LaserJet M1005 (Copy 1),A4,1:294.601,
F:\TOWER- E\DRAWING\STRUCTURE DRG\PRAYAGRAJ_ANANDA_TOWER-E (S+14)_FOUNDATION DETAILS & COLUMN SCHEDULE (1).dwg,Model,20-07-2025 16:41:07,HP,HP LaserJet M1005 (Copy 1),A4,1:276.485,
F:\DRAWING\OMAXE PRAYAGRAJ DRG\OMAXE LIG, EWS & SHIVA PRAYAGRAJ Drg\LIG TOWER -01\ARCHITECTURE\LIG Architure Plan.dwg,Model,28-07-2025 16:19:30,HP,HP LaserJet M1005 (Copy 1),A4,1:1.46502,
F:\TOWER- E\DRAWING\STRUCTURE DRG\PRAYAGRAJ_ANANDA_TOWER-E (S+14)_FRAMING PLAN & DETAIL AT GROUND FLOOR LVL.dwg,Model,14-12-2025 13:24:43,HP,Brother DCP-B7535DW series (Copy 1),A4,1:115.499,
F:\TOWER- E\DRAWING\STRUCTURE DRG\PRAYAGRAJ_ANANDA_TOWER-E (S+14)_FRAMING PLAN & DETAIL AT GROUND FLOOR LVL.dwg,Model,14-12-2025 13:27:20,HP,Brother DCP-B7535DW series (Copy 1),A4,1:191.956,
F:\TOWER- E\DRAWING\STRUCTURE DRG\PRAYAGRAJ_ANANDA_TOWER-E (S+14)_FOUNDATION DETAILS & COLUMN SCHEDULE (1).dwg,Model,16-12-2025 10:24:16,HP,Brother DCP-B7535DW series (Copy 1),A4,1:194.132,
F:\TOWER- E\DRAWING\STRUCTURE DRG\PRAYAGRAJ_ANANDA_TOWER-E (S+14)_COLUMN LAYOUT & SCHEDULE_R1.dwg,COL,16-12-2025 12:03:01,HP,Brother DCP-B7535DW series (Copy 1),Letter,1:32.1394,
F:\TOWER- E\DRAWING\STRUCTURE DRG\PRAYAGRAJ_ANANDA_TOWER-E (S+14)_FRAMING PLAN & DETAILS AT FIRST FLOOR LVL_R1.dwg,FIRST FLOOR DETAIL,13-01-2026 12:00:27,HP,Brother DCP-B7535DW series (Copy 1),Letter,1:42.7249,
F:\TOWER- E\DRAWING\STRUCTURE DRG\PRAYAGRAJ_ANANDA_TOWER-E (S+14)_FRAMING PLAN & DETAILS AT FIRST FLOOR LVL_R1.dwg,FIRST FLOOR DETAIL,22-01-2026 11:51:56,HP,Brother DCP-B7535DW series (Copy 1),A4,1:1.73156,
F:\TOWER- E\DRAWING\STRUCTURE DRG\PRAYAGRAJ_ANANDA_TOWER-E (S+14)_FRAMING PLAN & DETAILS AT FIRST FLOOR LVL_R1.dwg,FIRST FLOOR DETAIL,28-01-2026 11:36:17,HP,Brother DCP-B7535DW series (Copy 1),A4,1:1.88799,
F:\TOWER- E\DRAWING\STRUCTURE DRG\PRAYAGRAJ_ANANDA_TOWER-E (S+14)_FRAMING PLAN & DETAILS AT FIRST FLOOR LVL_R1.dwg,FIRST FLOOR DETAIL,28-01-2026 11:37:07,HP,Brother DCP-B7535DW series (Copy 1),A4,1:1.85106,
F:\TOWER- E\DRAWING\STRUCTURE DRG\PRAYAGRAJ_ANANDA_TOWER-E (S+14)_FRAMING PLAN & DETAILS AT FIRST FLOOR LVL_R1.dwg,FIRST FLOOR DETAIL,28-01-2026 15:47:49,HP,Brother DCP-B7535DW series (Copy 1),A4,1:1.85106,
F:\TOWER- E\DRAWING\STRUCTURE DRG\PRAYAGRAJ_ANANDA_TOWER-E (S+14)_COLUMN LAYOUT & SCHEDULE_R1.dwg,COL,02-02-2026 13:14:42,HP,Brother DCP-B7535DW series (Copy 1),A4,1:2.52625,
F:\TOWER- E\DRAWING\STRUCTURE DRG\PRAYAGRAJ_ANANDA_TOWER-E (S+14)_FRAMING PLAN & DETAIL AT GROUND FLOOR LVL.dwg,Model,07-02-2026 16:31:41,HP,Brother DCP-B7535DW series (Copy 1),A4,1:186.856,
F:\TOWER- E\DRAWING\STRUCTURE DRG\PRAYAGRAJ_ANANDA_TOWER-E (S+14)_FOUNDATION DETAILS & COLUMN SCHEDULE (1).dwg,Model,08-03-2026 14:36:38,HP,Brother DCP-B7535DW series (Copy 1),A4,1:182.602,
F:\TOWER- E\DRAWING\STRUCTURE DRG\PRAYAGRAJ_ANANDA_TOWER-E (S+14)_COLUMN LAYOUT & SCHEDULE_R1.dwg,COL,15-03-2026 12:18:33,HP,Brother DCP-B7535DW series (Copy 1),A4,1:1.26504,
F:\TOWER- E\DRAWING\STRUCTURE DRG\PRAYAGRAJ_ANANDA_TOWER-E (S+14)_COLUMN LAYOUT & SCHEDULE_R1.dwg,COL,15-03-2026 12:19:41,HP,Brother DCP-B7535DW series (Copy 1),A4,1:1.37729,
F:\TOWER- E\DRAWING\STRUCTURE DRG\PRAYAGRAJ_ANANDA_TOWER-E (S+14)_COLUMN LAYOUT & SCHEDULE_R1.dwg,COL,15-03-2026 12:20:06,HP,Brother DCP-B7535DW series (Copy 1),A4,1:1.37729,
F:\TOWER- E\DRAWING\STRUCTURE DRG\PRAYAGRAJ_ANANDA_TOWER-E (S+14)_COLUMN LAYOUT & SCHEDULE_R1.dwg,COL,16-03-2026 18:54:32,HP,Brother DCP-B7535DW series (Copy 1),A4,1:2.53483,
F:\TOWER- E\DRAWING\STRUCTURE DRG\PRAYAGRAJ_ANANDA_TOWER-E (S+14)_FRAMING PLAN & DETAILS AT FIRST FLOOR LVL_R1.dwg,FIRST FLOOR DETAIL,16-03-2026 18:56:47,HP,Brother DCP-B7535DW series (Copy 1),A4,1:2.52624,
